Determining if the pthread_create exist failed with the following output:
Change Dir: /home/samy/simulation_ws/build/CMakeFiles/CMakeTmp

Run Build Command:"/usr/bin/make" "cmTC_deee3/fast"
/usr/bin/make -f CMakeFiles/cmTC_deee3.dir/build.make CMakeFiles/cmTC_deee3.dir/build
make[1]: Entering directory '/home/samy/simulation_ws/build/CMakeFiles/CMakeTmp'
Building C object CMakeFiles/cmTC_deee3.dir/CheckSymbolExists.c.o
/usr/lib/ccache/cc    -o CMakeFiles/cmTC_deee3.dir/CheckSymbolExists.c.o   -c /home/samy/simulation_ws/build/CMakeFiles/CMakeTmp/CheckSymbolExists.c
Linking C executable cmTC_deee3
/usr/bin/cmake -E cmake_link_script CMakeFiles/cmTC_deee3.dir/link.txt --verbose=1
/usr/lib/ccache/cc      -rdynamic CMakeFiles/cmTC_deee3.dir/CheckSymbolExists.c.o  -o cmTC_deee3 
CMakeFiles/cmTC_deee3.dir/CheckSymbolExists.c.o: In function `main':
CheckSymbolExists.c:(.text+0x1b): undefined reference to `pthread_create'
collect2: error: ld returned 1 exit status
CMakeFiles/cmTC_deee3.dir/build.make:97: recipe for target 'cmTC_deee3' failed
make[1]: *** [cmTC_deee3] Error 1
make[1]: Leaving directory '/home/samy/simulation_ws/build/CMakeFiles/CMakeTmp'
Makefile:126: recipe for target 'cmTC_deee3/fast' failed
make: *** [cmTC_deee3/fast] Error 2

File /home/samy/simulation_ws/build/CMakeFiles/CMakeTmp/CheckSymbolExists.c:
/* */
#include <pthread.h>

int main(int argc, char** argv)
{
  (void)argv;
#ifndef pthread_create
  return ((int*)(&pthread_create))[argc];
#else
  (void)argc;
  return 0;
#endif
}

Determining if the function pthread_create exists in the pthreads failed with the following output:
Change Dir: /home/samy/simulation_ws/build/CMakeFiles/CMakeTmp

Run Build Command:"/usr/bin/make" "cmTC_40172/fast"
/usr/bin/make -f CMakeFiles/cmTC_40172.dir/build.make CMakeFiles/cmTC_40172.dir/build
make[1]: Entering directory '/home/samy/simulation_ws/build/CMakeFiles/CMakeTmp'
Building C object CMakeFiles/cmTC_40172.dir/CheckFunctionExists.c.o
/usr/lib/ccache/cc   -DCHECK_FUNCTION_EXISTS=pthread_create   -o CMakeFiles/cmTC_40172.dir/CheckFunctionExists.c.o   -c /usr/share/cmake-3.10/Modules/CheckFunctionExists.c
Linking C executable cmTC_40172
/usr/bin/cmake -E cmake_link_script CMakeFiles/cmTC_40172.dir/link.txt --verbose=1
/usr/lib/ccache/cc  -DCHECK_FUNCTION_EXISTS=pthread_create    -rdynamic CMakeFiles/cmTC_40172.dir/CheckFunctionExists.c.o  -o cmTC_40172 -lpthreads 
/usr/bin/ld: cannot find -lpthreads
collect2: error: ld returned 1 exit status
CMakeFiles/cmTC_40172.dir/build.make:97: recipe for target 'cmTC_40172' failed
make[1]: *** [cmTC_40172] Error 1
make[1]: Leaving directory '/home/samy/simulation_ws/build/CMakeFiles/CMakeTmp'
Makefile:126: recipe for target 'cmTC_40172/fast' failed
make: *** [cmTC_40172/fast] Error 2


